cat setup.log 
+ sudo yum update -y
Loaded plugins: extras_suggestions, langpacks, priorities, update-motd
Existing lock /var/run/yum.pid: another copy is running as pid 3325.
Another app is currently holding the yum lock; waiting for it to exit...
  The other application is: yum
    Memory :  84 M RSS (310 MB VSZ)
    Started: Fri Jun 27 12:43:12 2025 - 00:09 ago
    State  : Running, pid: 3325
Another app is currently holding the yum lock; waiting for it to exit...
  The other application is: yum
    Memory : 214 M RSS (442 MB VSZ)
    Started: Fri Jun 27 12:43:12 2025 - 00:11 ago
    State  : Running, pid: 3325
Another app is currently holding the yum lock; waiting for it to exit...
  The other application is: yum
    Memory : 230 M RSS (458 MB VSZ)
    Started: Fri Jun 27 12:43:12 2025 - 00:13 ago
    State  : Running, pid: 3325
No packages marked for update
+ sudo amazon-linux-extras enable docker
  2  httpd_modules            available    [ =1.0  =stable ]
  3  memcached1.5             available    \
        [ =1.5.1  =1.5.16  =1.5.17 ]
  9  R3.4                     available    [ =3.4.3  =stable ]
 10  rust1                    available    \
        [ =1.22.1  =1.26.0  =1.26.1  =1.27.2  =1.31.0  =1.38.0
          =stable ]
 18  libreoffice              available    \
        [ =5.0.6.2_15  =5.3.6.1  =stable ]
 19  gimp                     available    [ =2.8.22 ]
 20 †docker=latest            enabled      \
        [ =17.12.1  =18.03.1  =18.06.1  =18.09.9  =stable ]
 21  mate-desktop1.x          available    \
        [ =1.19.0  =1.20.0  =stable ]
 22  GraphicsMagick1.3        available    \
        [ =1.3.29  =1.3.32  =1.3.34  =stable ]
 24  epel                     available    [ =7.11  =stable ]
 25  testing                  available    [ =1.0  =stable ]
 26  ecs                      available    [ =stable ]
 27 †corretto8                available    \
        [ =1.8.0_192  =1.8.0_202  =1.8.0_212  =1.8.0_222  =1.8.0_232
          =1.8.0_242  =stable ]
 32  lustre2.10               available    \
        [ =2.10.5  =2.10.8  =stable ]
 34  lynis                    available    [ =stable ]
 36  BCC                      available    [ =0.x  =stable ]
 37  mono                     available    [ =5.x  =stable ]
 38  nginx1                   available    [ =stable ]
 40  mock                     available    [ =stable ]
 43  livepatch                available    [ =stable ]
 45  haproxy2                 available    [ =stable ]
 46  collectd                 available    [ =stable ]
 47  aws-nitro-enclaves-cli   available    [ =stable ]
 48  R4                       available    [ =stable ]
  _  kernel-5.4               available    [ =stable ]
 50  selinux-ng               available    [ =stable ]
 52  tomcat9                  available    [ =stable ]
 53  unbound1.13              available    [ =stable ]
 55  kernel-5.10=latest       enabled      [ =stable ]
 56  redis6                   available    [ =stable ]
 59 †postgresql13             available    [ =stable ]
 60  mock2                    available    [ =stable ]
 61  dnsmasq2.85              available    [ =stable ]
 62  kernel-5.15              available    [ =stable ]
 63 †postgresql14             available    [ =stable ]
 64  firefox                  available    [ =stable ]
 65  lustre                   available    [ =stable ]
 67  awscli1                  available    [ =stable ]
 68 †php8.2                   available    [ =stable ]
 69  dnsmasq                  available    [ =stable ]
 70  unbound1.17              available    [ =stable ]
 72  collectd-python3         available    [ =stable ]
† Note on end-of-support. Use 'info' subcommand.

Now you can install:
 # yum clean metadata
 # yum install docker
+ sleep 2
+ sudo yum clean metadata
Loaded plugins: extras_suggestions, langpacks, priorities, update-motd
Cleaning repos: amzn2-core amzn2extra-docker amzn2extra-kernel-5.10
17 metadata files removed
6 sqlite files removed
0 metadata files removed
+ sleep 2
+ sudo yum install -y docker
Loaded plugins: extras_suggestions, langpacks, priorities, update-motd
Resolving Dependencies
--> Running transaction check
---> Package docker.x86_64 0:25.0.8-1.amzn2.0.4 will be installed
--> Processing Dependency: containerd >= 1.3.2 for package: docker-25.0.8-1.amzn2.0.4.x86_64
--> Processing Dependency: libcgroup >= 0.40.rc1-5.15 for package: docker-25.0.8-1.amzn2.0.4.x86_64
--> Processing Dependency: runc >= 1.0.0 for package: docker-25.0.8-1.amzn2.0.4.x86_64
--> Processing Dependency: pigz for package: docker-25.0.8-1.amzn2.0.4.x86_64
--> Running transaction check
---> Package containerd.x86_64 0:2.0.5-1.amzn2.0.1 will be installed
---> Package libcgroup.x86_64 0:0.41-21.amzn2 will be installed
---> Package pigz.x86_64 0:2.3.4-1.amzn2.0.1 will be installed
---> Package runc.x86_64 0:1.2.4-3.amzn2 will be installed
--> Finished Dependency Resolution

Dependencies Resolved

================================================================================
 Package        Arch       Version                  Repository             Size
================================================================================
Installing:
 docker         x86_64     25.0.8-1.amzn2.0.4       amzn2extra-docker      45 M
Installing for dependencies:
 containerd     x86_64     2.0.5-1.amzn2.0.1        amzn2extra-docker      23 M
 libcgroup      x86_64     0.41-21.amzn2            amzn2-core             66 k
 pigz           x86_64     2.3.4-1.amzn2.0.1        amzn2-core             81 k
 runc           x86_64     1.2.4-3.amzn2            amzn2extra-docker     3.5 M

Transaction Summary
================================================================================
Install  1 Package (+4 Dependent packages)

Total download size: 72 M
Installed size: 264 M
Downloading packages:
--------------------------------------------------------------------------------
Total                                               96 MB/s |  72 MB  00:00     
Running transaction check
Running transaction test
Transaction test succeeded
Running transaction
  Installing : runc-1.2.4-3.amzn2.x86_64                                    1/5 
  Installing : containerd-2.0.5-1.amzn2.0.1.x86_64                          2/5 
  Installing : libcgroup-0.41-21.amzn2.x86_64                               3/5 
  Installing : pigz-2.3.4-1.amzn2.0.1.x86_64                                4/5 
  Installing : docker-25.0.8-1.amzn2.0.4.x86_64                             5/5 
  Verifying  : docker-25.0.8-1.amzn2.0.4.x86_64                             1/5 
  Verifying  : containerd-2.0.5-1.amzn2.0.1.x86_64                          2/5 
  Verifying  : pigz-2.3.4-1.amzn2.0.1.x86_64                                3/5 
  Verifying  : runc-1.2.4-3.amzn2.x86_64                                    4/5 
  Verifying  : libcgroup-0.41-21.amzn2.x86_64                               5/5 

Installed:
  docker.x86_64 0:25.0.8-1.amzn2.0.4                                            

Dependency Installed:
  containerd.x86_64 0:2.0.5-1.amzn2.0.1     libcgroup.x86_64 0:0.41-21.amzn2    
  pigz.x86_64 0:2.3.4-1.amzn2.0.1           runc.x86_64 0:1.2.4-3.amzn2         

Complete!
+ sleep 5
+ sudo systemctl enable docker
Created symlink from /etc/systemd/system/multi-user.target.wants/docker.service to /usr/lib/systemd/system/docker.service.
+ sudo systemctl start docker
+ sudo usermod -aG docker ec2-user
+ DOCKER_CONFIG=/usr/libexec/docker
+ sudo mkdir -p /usr/libexec/docker/cli-plugins
+ sudo curl -SL https://github.com/docker/compose/releases/download/v2.24.6/docker-compose-linux-x86_64 -o /usr/libexec/docker/cli-plugins/docker-compose
  % Total    % Received % Xferd  Average Speed   Time    Time     Time  Current
                                 Dload  Upload   Total   Spent    Left  Speed
  0     0    0     0    0     0      0      0 --:--:-- --:--:-- --:--:--     0
100 58.5M  100 58.5M    0     0  61.6M      0 --:--:-- --:--:-- --:--:-- 97.8M
+ sudo chmod +x /usr/libexec/docker/cli-plugins/docker-compose
+ docker --version
Docker version 25.0.8, build 0bab007
+ docker compose version
Docker Compose version v2.24.6
+ sudo wget -O /etc/yum.repos.d/jenkins.repo https://pkg.jenkins.io/redhat-stable/jenkins.repo
--2025-06-27 12:44:07--  https://pkg.jenkins.io/redhat-stable/jenkins.repo
Resolving pkg.jenkins.io (pkg.jenkins.io)... 199.232.26.133, 2a04:4e42:43::645
Connecting to pkg.jenkins.io (pkg.jenkins.io)|199.232.26.133|:443... connected.
HTTP request sent, awaiting response... 200 OK
Length: 85
Saving to: '/etc/yum.repos.d/jenkins.repo'

     0K                                                       100% 6.23M=0s

2025-06-27 12:44:07 (6.23 MB/s) - '/etc/yum.repos.d/jenkins.repo' saved [85/85]

+ sudo rpm --import https://pkg.jenkins.io/redhat-stable/jenkins.io-2023.key
+ sudo amazon-linux-extras enable corretto17
Topic corretto17 is not found.
+ sudo yum install java-17-amazon-corretto jenkins -y
Loaded plugins: extras_suggestions, langpacks, priorities, update-motd
Resolving Dependencies
--> Running transaction check
---> Package java-17-amazon-corretto.x86_64 1:17.0.15+6-1.amzn2.1 will be installed
--> Processing Dependency: java-17-amazon-corretto-headless(x86-64) = 1:17.0.15+6-1.amzn2.1 for package: 1:java-17-amazon-corretto-17.0.15+6-1.amzn2.1.x86_64
--> Processing Dependency: libX11 for package: 1:java-17-amazon-corretto-17.0.15+6-1.amzn2.1.x86_64
--> Processing Dependency: libXi for package: 1:java-17-amazon-corretto-17.0.15+6-1.amzn2.1.x86_64
--> Processing Dependency: libXinerama for package: 1:java-17-amazon-corretto-17.0.15+6-1.amzn2.1.x86_64
--> Processing Dependency: libXt for package: 1:java-17-amazon-corretto-17.0.15+6-1.amzn2.1.x86_64
--> Processing Dependency: libXrender for package: 1:java-17-amazon-corretto-17.0.15+6-1.amzn2.1.x86_64
--> Processing Dependency: libXrandr for package: 1:java-17-amazon-corretto-17.0.15+6-1.amzn2.1.x86_64
--> Processing Dependency: libXtst for package: 1:java-17-amazon-corretto-17.0.15+6-1.amzn2.1.x86_64
--> Processing Dependency: giflib for package: 1:java-17-amazon-corretto-17.0.15+6-1.amzn2.1.x86_64
---> Package jenkins.noarch 0:2.504.3-1.1 will be installed
--> Running transaction check
---> Package giflib.x86_64 0:4.1.6-9.amzn2.0.2 will be installed
--> Processing Dependency: libICE.so.6()(64bit) for package: giflib-4.1.6-9.amzn2.0.2.x86_64
--> Processing Dependency: libSM.so.6()(64bit) for package: giflib-4.1.6-9.amzn2.0.2.x86_64
---> Package java-17-amazon-corretto-headless.x86_64 1:17.0.15+6-1.amzn2.1 will be installed
--> Processing Dependency: jpackage-utils for package: 1:java-17-amazon-corretto-headless-17.0.15+6-1.amzn2.1.x86_64
--> Processing Dependency: fontconfig for package: 1:java-17-amazon-corretto-headless-17.0.15+6-1.amzn2.1.x86_64
--> Processing Dependency: dejavu-sans-fonts for package: 1:java-17-amazon-corretto-headless-17.0.15+6-1.amzn2.1.x86_64
--> Processing Dependency: dejavu-serif-fonts for package: 1:java-17-amazon-corretto-headless-17.0.15+6-1.amzn2.1.x86_64
--> Processing Dependency: dejavu-sans-mono-fonts for package: 1:java-17-amazon-corretto-headless-17.0.15+6-1.amzn2.1.x86_64
--> Processing Dependency: alsa-lib for package: 1:java-17-amazon-corretto-headless-17.0.15+6-1.amzn2.1.x86_64
--> Processing Dependency: log4j-cve-2021-44228-cve-mitigations for package: 1:java-17-amazon-corretto-headless-17.0.15+6-1.amzn2.1.x86_64
---> Package libX11.x86_64 0:1.6.7-3.amzn2.0.5 will be installed
--> Processing Dependency: libX11-common >= 1.6.7-3.amzn2.0.5 for package: libX11-1.6.7-3.amzn2.0.5.x86_64
--> Processing Dependency: libxcb.so.1()(64bit) for package: libX11-1.6.7-3.amzn2.0.5.x86_64
---> Package libXi.x86_64 0:1.7.9-1.amzn2.0.2 will be installed
--> Processing Dependency: libXext.so.6()(64bit) for package: libXi-1.7.9-1.amzn2.0.2.x86_64
---> Package libXinerama.x86_64 0:1.1.3-2.1.amzn2.0.2 will be installed
---> Package libXrandr.x86_64 0:1.5.1-2.amzn2.0.3 will be installed
---> Package libXrender.x86_64 0:0.9.10-1.amzn2.0.2 will be installed
---> Package libXt.x86_64 0:1.1.5-3.amzn2.0.2 will be installed
---> Package libXtst.x86_64 0:1.2.3-1.amzn2.0.2 will be installed
--> Running transaction check
---> Package alsa-lib.x86_64 0:1.1.4.1-2.amzn2 will be installed
---> Package dejavu-sans-fonts.noarch 0:2.33-6.amzn2 will be installed
--> Processing Dependency: dejavu-fonts-common = 2.33-6.amzn2 for package: dejavu-sans-fonts-2.33-6.amzn2.noarch
---> Package dejavu-sans-mono-fonts.noarch 0:2.33-6.amzn2 will be installed
---> Package dejavu-serif-fonts.noarch 0:2.33-6.amzn2 will be installed
---> Package fontconfig.x86_64 0:2.13.0-4.3.amzn2 will be installed
--> Processing Dependency: fontpackages-filesystem for package: fontconfig-2.13.0-4.3.amzn2.x86_64
---> Package javapackages-tools.noarch 0:3.4.1-11.amzn2 will be installed
--> Processing Dependency: python-javapackages = 3.4.1-11.amzn2 for package: javapackages-tools-3.4.1-11.amzn2.noarch
--> Processing Dependency: libxslt for package: javapackages-tools-3.4.1-11.amzn2.noarch
---> Package libICE.x86_64 0:1.0.9-9.amzn2.0.2 will be installed
---> Package libSM.x86_64 0:1.2.2-2.amzn2.0.2 will be installed
---> Package libX11-common.noarch 0:1.6.7-3.amzn2.0.5 will be installed
---> Package libXext.x86_64 0:1.3.3-3.amzn2.0.2 will be installed
---> Package libxcb.x86_64 0:1.12-1.amzn2.0.2 will be installed
--> Processing Dependency: libXau.so.6()(64bit) for package: libxcb-1.12-1.amzn2.0.2.x86_64
---> Package log4j-cve-2021-44228-hotpatch.noarch 0:1.3-7.amzn2 will be installed
--> Running transaction check
---> Package dejavu-fonts-common.noarch 0:2.33-6.amzn2 will be installed
---> Package fontpackages-filesystem.noarch 0:1.44-8.amzn2 will be installed
---> Package libXau.x86_64 0:1.0.8-2.1.amzn2.0.2 will be installed
---> Package libxslt.x86_64 0:1.1.28-6.amzn2.0.4 will be installed
---> Package python-javapackages.noarch 0:3.4.1-11.amzn2 will be installed
--> Processing Dependency: python-lxml for package: python-javapackages-3.4.1-11.amzn2.noarch
--> Running transaction check
---> Package python-lxml.x86_64 0:3.2.1-4.amzn2.0.7 will be installed
--> Finished Dependency Resolution

Dependencies Resolved

================================================================================
 Package                          Arch   Version               Repository  Size
================================================================================
Installing:
 java-17-amazon-corretto          x86_64 1:17.0.15+6-1.amzn2.1 amzn2-core 199 k
 jenkins                          noarch 2.504.3-1.1           jenkins     90 M
Installing for dependencies:
 alsa-lib                         x86_64 1.1.4.1-2.amzn2       amzn2-core 425 k
 dejavu-fonts-common              noarch 2.33-6.amzn2          amzn2-core  64 k
 dejavu-sans-fonts                noarch 2.33-6.amzn2          amzn2-core 1.4 M
 dejavu-sans-mono-fonts           noarch 2.33-6.amzn2          amzn2-core 433 k
 dejavu-serif-fonts               noarch 2.33-6.amzn2          amzn2-core 777 k
 fontconfig                       x86_64 2.13.0-4.3.amzn2      amzn2-core 253 k
 fontpackages-filesystem          noarch 1.44-8.amzn2          amzn2-core  10 k
 giflib                           x86_64 4.1.6-9.amzn2.0.2     amzn2-core  40 k
 java-17-amazon-corretto-headless x86_64 1:17.0.15+6-1.amzn2.1 amzn2-core  94 M
 javapackages-tools               noarch 3.4.1-11.amzn2        amzn2-core  73 k
 libICE                           x86_64 1.0.9-9.amzn2.0.2     amzn2-core  67 k
 libSM                            x86_64 1.2.2-2.amzn2.0.2     amzn2-core  39 k
 libX11                           x86_64 1.6.7-3.amzn2.0.5     amzn2-core 607 k
 libX11-common                    noarch 1.6.7-3.amzn2.0.5     amzn2-core 165 k
 libXau                           x86_64 1.0.8-2.1.amzn2.0.2   amzn2-core  29 k
 libXext                          x86_64 1.3.3-3.amzn2.0.2     amzn2-core  39 k
 libXi                            x86_64 1.7.9-1.amzn2.0.2     amzn2-core  41 k
 libXinerama                      x86_64 1.1.3-2.1.amzn2.0.2   amzn2-core  14 k
 libXrandr                        x86_64 1.5.1-2.amzn2.0.3     amzn2-core  27 k
 libXrender                       x86_64 0.9.10-1.amzn2.0.2    amzn2-core  26 k
 libXt                            x86_64 1.1.5-3.amzn2.0.2     amzn2-core 177 k
 libXtst                          x86_64 1.2.3-1.amzn2.0.2     amzn2-core  20 k
 libxcb                           x86_64 1.12-1.amzn2.0.2      amzn2-core 216 k
 libxslt                          x86_64 1.1.28-6.amzn2.0.4    amzn2-core 240 k
 log4j-cve-2021-44228-hotpatch    noarch 1.3-7.amzn2           amzn2-core 139 k
 python-javapackages              noarch 3.4.1-11.amzn2        amzn2-core  31 k
 python-lxml                      x86_64 3.2.1-4.amzn2.0.7     amzn2-core 1.0 M

Transaction Summary
================================================================================
Install  2 Packages (+27 Dependent packages)

Total download size: 190 M
Installed size: 347 M
Downloading packages:
--------------------------------------------------------------------------------
Total                                               52 MB/s | 190 MB  00:03     
Running transaction check
Running transaction test
Transaction test succeeded
Running transaction
  Installing : libICE-1.0.9-9.amzn2.0.2.x86_64                             1/29 
  Installing : libSM-1.2.2-2.amzn2.0.2.x86_64                              2/29 
  Installing : libxslt-1.1.28-6.amzn2.0.4.x86_64                           3/29 
  Installing : fontpackages-filesystem-1.44-8.amzn2.noarch                 4/29 
  Installing : dejavu-fonts-common-2.33-6.amzn2.noarch                     5/29 
  Installing : dejavu-sans-fonts-2.33-6.amzn2.noarch                       6/29 
  Installing : fontconfig-2.13.0-4.3.amzn2.x86_64                          7/29 
  Installing : dejavu-serif-fonts-2.33-6.amzn2.noarch                      8/29 
  Installing : dejavu-sans-mono-fonts-2.33-6.amzn2.noarch                  9/29 
  Installing : python-lxml-3.2.1-4.amzn2.0.7.x86_64                       10/29 
  Installing : python-javapackages-3.4.1-11.amzn2.noarch                  11/29 
  Installing : javapackages-tools-3.4.1-11.amzn2.noarch                   12/29 
  Installing : alsa-lib-1.1.4.1-2.amzn2.x86_64                            13/29 
  Installing : libX11-common-1.6.7-3.amzn2.0.5.noarch                     14/29 
  Installing : libXau-1.0.8-2.1.amzn2.0.2.x86_64                          15/29 
  Installing : libxcb-1.12-1.amzn2.0.2.x86_64                             16/29 
  Installing : libX11-1.6.7-3.amzn2.0.5.x86_64                            17/29 
  Installing : libXext-1.3.3-3.amzn2.0.2.x86_64                           18/29 
  Installing : libXi-1.7.9-1.amzn2.0.2.x86_64                             19/29 
  Installing : libXrender-0.9.10-1.amzn2.0.2.x86_64                       20/29 
  Installing : libXrandr-1.5.1-2.amzn2.0.3.x86_64                         21/29 
  Installing : libXtst-1.2.3-1.amzn2.0.2.x86_64                           22/29 
  Installing : libXinerama-1.1.3-2.1.amzn2.0.2.x86_64                     23/29 
  Installing : libXt-1.1.5-3.amzn2.0.2.x86_64                             24/29 
  Installing : giflib-4.1.6-9.amzn2.0.2.x86_64                            25/29 
  Installing : log4j-cve-2021-44228-hotpatch-1.3-7.amzn2.noarch           26/29 
Created symlink from /etc/systemd/system/multi-user.target.wants/log4j-cve-2021-44228-hotpatch.service to /usr/lib/systemd/system/log4j-cve-2021-44228-hotpatch.service.
  Installing : 1:java-17-amazon-corretto-headless-17.0.15+6-1.amzn2.1.x   27/29 
  Installing : 1:java-17-amazon-corretto-17.0.15+6-1.amzn2.1.x86_64       28/29 
  Installing : jenkins-2.504.3-1.1.noarch                                 29/29 
  Verifying  : dejavu-serif-fonts-2.33-6.amzn2.noarch                      1/29 
  Verifying  : 1:java-17-amazon-corretto-headless-17.0.15+6-1.amzn2.1.x    2/29 
  Verifying  : fontpackages-filesystem-1.44-8.amzn2.noarch                 3/29 
  Verifying  : libxcb-1.12-1.amzn2.0.2.x86_64                              4/29 
  Verifying  : libXrandr-1.5.1-2.amzn2.0.3.x86_64                          5/29 
  Verifying  : libXext-1.3.3-3.amzn2.0.2.x86_64                            6/29 
  Verifying  : libX11-1.6.7-3.amzn2.0.5.x86_64                             7/29 
  Verifying  : log4j-cve-2021-44228-hotpatch-1.3-7.amzn2.noarch            8/29 
  Verifying  : libXi-1.7.9-1.amzn2.0.2.x86_64                              9/29 
  Verifying  : 1:java-17-amazon-corretto-17.0.15+6-1.amzn2.1.x86_64       10/29 
  Verifying  : python-lxml-3.2.1-4.amzn2.0.7.x86_64                       11/29 
  Verifying  : dejavu-fonts-common-2.33-6.amzn2.noarch                    12/29 
  Verifying  : jenkins-2.504.3-1.1.noarch                                 13/29 
  Verifying  : libXau-1.0.8-2.1.amzn2.0.2.x86_64                          14/29 
  Verifying  : libSM-1.2.2-2.amzn2.0.2.x86_64                             15/29 
  Verifying  : libXrender-0.9.10-1.amzn2.0.2.x86_64                       16/29 
  Verifying  : libX11-common-1.6.7-3.amzn2.0.5.noarch                     17/29 
  Verifying  : dejavu-sans-fonts-2.33-6.amzn2.noarch                      18/29 
  Verifying  : libxslt-1.1.28-6.amzn2.0.4.x86_64                          19/29 
  Verifying  : fontconfig-2.13.0-4.3.amzn2.x86_64                         20/29 
  Verifying  : libXt-1.1.5-3.amzn2.0.2.x86_64                             21/29 
  Verifying  : giflib-4.1.6-9.amzn2.0.2.x86_64                            22/29 
  Verifying  : libXinerama-1.1.3-2.1.amzn2.0.2.x86_64                     23/29 
  Verifying  : dejavu-sans-mono-fonts-2.33-6.amzn2.noarch                 24/29 
  Verifying  : python-javapackages-3.4.1-11.amzn2.noarch                  25/29 
  Verifying  : libXtst-1.2.3-1.amzn2.0.2.x86_64                           26/29 
  Verifying  : alsa-lib-1.1.4.1-2.amzn2.x86_64                            27/29 
  Verifying  : libICE-1.0.9-9.amzn2.0.2.x86_64                            28/29 
  Verifying  : javapackages-tools-3.4.1-11.amzn2.noarch                   29/29 

Installed:
  java-17-amazon-corretto.x86_64 1:17.0.15+6-1.amzn2.1                          
  jenkins.noarch 0:2.504.3-1.1                                                  

Dependency Installed:
  alsa-lib.x86_64 0:1.1.4.1-2.amzn2                                             
  dejavu-fonts-common.noarch 0:2.33-6.amzn2                                     
  dejavu-sans-fonts.noarch 0:2.33-6.amzn2                                       
  dejavu-sans-mono-fonts.noarch 0:2.33-6.amzn2                                  
  dejavu-serif-fonts.noarch 0:2.33-6.amzn2                                      
  fontconfig.x86_64 0:2.13.0-4.3.amzn2                                          
  fontpackages-filesystem.noarch 0:1.44-8.amzn2                                 
  giflib.x86_64 0:4.1.6-9.amzn2.0.2                                             
  java-17-amazon-corretto-headless.x86_64 1:17.0.15+6-1.amzn2.1                 
  javapackages-tools.noarch 0:3.4.1-11.amzn2                                    
  libICE.x86_64 0:1.0.9-9.amzn2.0.2                                             
  libSM.x86_64 0:1.2.2-2.amzn2.0.2                                              
  libX11.x86_64 0:1.6.7-3.amzn2.0.5                                             
  libX11-common.noarch 0:1.6.7-3.amzn2.0.5                                      
  libXau.x86_64 0:1.0.8-2.1.amzn2.0.2                                           
  libXext.x86_64 0:1.3.3-3.amzn2.0.2                                            
  libXi.x86_64 0:1.7.9-1.amzn2.0.2                                              
  libXinerama.x86_64 0:1.1.3-2.1.amzn2.0.2                                      
  libXrandr.x86_64 0:1.5.1-2.amzn2.0.3                                          
  libXrender.x86_64 0:0.9.10-1.amzn2.0.2                                        
  libXt.x86_64 0:1.1.5-3.amzn2.0.2                                              
  libXtst.x86_64 0:1.2.3-1.amzn2.0.2                                            
  libxcb.x86_64 0:1.12-1.amzn2.0.2                                              
  libxslt.x86_64 0:1.1.28-6.amzn2.0.4                                           
  log4j-cve-2021-44228-hotpatch.noarch 0:1.3-7.amzn2                            
  python-javapackages.noarch 0:3.4.1-11.amzn2                                   
  python-lxml.x86_64 0:3.2.1-4.amzn2.0.7                                        

Complete!
+ sudo systemctl enable jenkins
Created symlink from /etc/systemd/system/multi-user.target.wants/jenkins.service to /usr/lib/systemd/system/jenkins.service.
+ sudo systemctl restart jenkins
+ sudo yum install git -y
Loaded plugins: extras_suggestions, langpacks, priorities, update-motd
Resolving Dependencies
--> Running transaction check
---> Package git.x86_64 0:2.47.1-1.amzn2.0.3 will be installed
--> Processing Dependency: git-core = 2.47.1-1.amzn2.0.3 for package: git-2.47.1-1.amzn2.0.3.x86_64
--> Processing Dependency: git-core-doc = 2.47.1-1.amzn2.0.3 for package: git-2.47.1-1.amzn2.0.3.x86_64
--> Processing Dependency: perl-Git = 2.47.1-1.amzn2.0.3 for package: git-2.47.1-1.amzn2.0.3.x86_64
--> Processing Dependency: perl(Git) for package: git-2.47.1-1.amzn2.0.3.x86_64
--> Processing Dependency: perl(Term::ReadKey) for package: git-2.47.1-1.amzn2.0.3.x86_64
--> Running transaction check
---> Package git-core.x86_64 0:2.47.1-1.amzn2.0.3 will be installed
---> Package git-core-doc.noarch 0:2.47.1-1.amzn2.0.3 will be installed
---> Package perl-Git.noarch 0:2.47.1-1.amzn2.0.3 will be installed
--> Processing Dependency: perl(Error) for package: perl-Git-2.47.1-1.amzn2.0.3.noarch
---> Package perl-TermReadKey.x86_64 0:2.30-20.amzn2.0.2 will be installed
--> Running transaction check
---> Package perl-Error.noarch 1:0.17020-2.amzn2 will be installed
--> Finished Dependency Resolution

Dependencies Resolved

================================================================================
 Package              Arch       Version                   Repository      Size
================================================================================
Installing:
 git                  x86_64     2.47.1-1.amzn2.0.3        amzn2-core      57 k
Installing for dependencies:
 git-core             x86_64     2.47.1-1.amzn2.0.3        amzn2-core      11 M
 git-core-doc         noarch     2.47.1-1.amzn2.0.3        amzn2-core     3.2 M
 perl-Error           noarch     1:0.17020-2.amzn2         amzn2-core      32 k
 perl-Git             noarch     2.47.1-1.amzn2.0.3        amzn2-core      44 k
 perl-TermReadKey     x86_64     2.30-20.amzn2.0.2         amzn2-core      31 k

Transaction Summary
================================================================================
Install  1 Package (+5 Dependent packages)

Total download size: 15 M
Installed size: 47 M
Downloading packages:
--------------------------------------------------------------------------------
Total                                               59 MB/s |  15 MB  00:00     
Running transaction check
Running transaction test
Transaction test succeeded
Running transaction
  Installing : git-core-2.47.1-1.amzn2.0.3.x86_64                           1/6 
  Installing : git-core-doc-2.47.1-1.amzn2.0.3.noarch                       2/6 
  Installing : 1:perl-Error-0.17020-2.amzn2.noarch                          3/6 
  Installing : perl-TermReadKey-2.30-20.amzn2.0.2.x86_64                    4/6 
  Installing : perl-Git-2.47.1-1.amzn2.0.3.noarch                           5/6 
  Installing : git-2.47.1-1.amzn2.0.3.x86_64                                6/6 
  Verifying  : perl-TermReadKey-2.30-20.amzn2.0.2.x86_64                    1/6 
  Verifying  : git-core-doc-2.47.1-1.amzn2.0.3.noarch                       2/6 
  Verifying  : git-core-2.47.1-1.amzn2.0.3.x86_64                           3/6 
  Verifying  : 1:perl-Error-0.17020-2.amzn2.noarch                          4/6 
  Verifying  : perl-Git-2.47.1-1.amzn2.0.3.noarch                           5/6 
  Verifying  : git-2.47.1-1.amzn2.0.3.x86_64                                6/6 

Installed:
  git.x86_64 0:2.47.1-1.amzn2.0.3                                               

Dependency Installed:
  git-core.x86_64 0:2.47.1-1.amzn2.0.3                                          
  git-core-doc.noarch 0:2.47.1-1.amzn2.0.3                                      
  perl-Error.noarch 1:0.17020-2.amzn2                                           
  perl-Git.noarch 0:2.47.1-1.amzn2.0.3                                          
  perl-TermReadKey.x86_64 0:2.30-20.amzn2.0.2                                   

Complete!
+ sudo yum install -y yum-utils
Loaded plugins: extras_suggestions, langpacks, priorities, update-motd
Package yum-utils-1.1.31-46.amzn2.0.1.noarch already installed and latest version
Nothing to do
+ sudo yum-config-manager --add-repo https://rpm.releases.hashicorp.com/AmazonLinux/hashicorp.repo
Loaded plugins: extras_suggestions, langpacks, priorities, update-motd
adding repo from: https://rpm.releases.hashicorp.com/AmazonLinux/hashicorp.repo
grabbing file https://rpm.releases.hashicorp.com/AmazonLinux/hashicorp.repo to /etc/yum.repos.d/hashicorp.repo
repo saved to /etc/yum.repos.d/hashicorp.repo
+ sudo yum -y install terraform
Loaded plugins: extras_suggestions, langpacks, priorities, update-motd
Existing lock /var/run/yum.pid: another copy is running as pid 4597.
Another app is currently holding the yum lock; waiting for it to exit...
  The other application is: yum
    Memory : 140 M RSS (366 MB VSZ)
    Started: Fri Jun 27 12:44:55 2025 - 00:04 ago
    State  : Running, pid: 4597
Another app is currently holding the yum lock; waiting for it to exit...
  The other application is: yum
    Memory : 255 M RSS (481 MB VSZ)
    Started: Fri Jun 27 12:44:55 2025 - 00:06 ago
    State  : Running, pid: 4597
Another app is currently holding the yum lock; waiting for it to exit...
  The other application is: yum
    Memory : 223 M RSS (450 MB VSZ)
    Started: Fri Jun 27 12:44:55 2025 - 00:08 ago
    State  : Running, pid: 4597
Resolving Dependencies
--> Running transaction check
---> Package terraform.x86_64 0:1.12.2-1 will be installed
--> Finished Dependency Resolution

Dependencies Resolved

================================================================================
 Package            Arch            Version            Repository          Size
================================================================================
Installing:
 terraform          x86_64          1.12.2-1           hashicorp           28 M

Transaction Summary
================================================================================
Install  1 Package

Total download size: 28 M
Installed size: 89 M
Downloading packages:
warning: /var/cache/yum/x86_64/2/hashicorp/packages/terraform-1.12.2-1.x86_64.rpm: Header V4 RSA/SHA256 Signature, key ID a621e701: NOKEY
Public key for terraform-1.12.2-1.x86_64.rpm is not installed
Retrieving key from https://rpm.releases.hashicorp.com/gpg
Importing GPG key 0xA621E701:
 Userid     : "HashiCorp Security (HashiCorp Package Signing) <security+packaging@hashicorp.com>"
 Fingerprint: 798a ec65 4e5c 1542 8c8e 42ee aa16 fcbc a621 e701
 From       : https://rpm.releases.hashicorp.com/gpg
Running transaction check
Running transaction test
Transaction test succeeded
Running transaction
  Verifying  : terraform-1.12.2-1.x86_64                                    1/1 

Installed:
  terraform.x86_64 0:1.12.2-1                                                   

Complete!
+ curl -LO https://storage.googleapis.com/kubernetes-release/release/v1.23.6/bin/linux/amd64/kubectl
  % Total    % Received % Xferd  Average Speed   Time    Time     Time  Current
                                 Dload  Upload   Total   Spent    Left  Speed
100 44.4M  100 44.4M    0     0  22.0M      0  0:00:02  0:00:02 --:--:-- 22.0M
+ chmod +x ./kubectl
+ sudo mv ./kubectl /usr/local/bin/
+ bash
+ curl -s https://raw.githubusercontent.com/aquasecurity/tfsec/master/scripts/install_linux.sh
arch=amd64
remote_filename=tfsec-linux-amd64
local_filename=tfsec
checkgen_filename=tfsec-checkgen-linux-amd64


====================================================
Looking up the latest version...
Downloading tfsec v1.28.14
Downloading tfsec-linux-amd64...
Downloaded file "tfsec-linux-amd64" successfully
Downloading tfsec-checkgen-linux-amd64...
Downloaded file "tfsec-checkgen-linux-amd64" successfully
Downloading tfsec_checksums.txt...
Downloaded file "tfsec_checksums.txt" successfully
Checksum verified successfully


====================================================
Installing /tmp/tfsec.fNP1c4E38z/tfsec to /usr/local/bin/...
'/tmp/tfsec.fNP1c4E38z/tfsec' -> '/usr/local/bin/tfsec'
Cleaning downloaded files...


====================================================

======================================================
tfsec is joining the Trivy family

tfsec will continue to remain available 
for the time being, although our engineering 
attention will be directed at Trivy going forward.

You can read more here: 
https://github.com/aquasecurity/tfsec/discussions/1994
======================================================
Current tfsec version: v1.28.14
+ mkdir /home/ec2-user/jenkins_home
+ sudo chown ec2-user /home/ec2-user/jenkins_home
+ sudo chgrp ec2-user /home/ec2-user/jenkins_home
+ echo '===> Ownership for jenkins_home has been changed'
===> Ownership for jenkins_home has been changed
+ cd /home/ec2-user
+ sudo git clone https://github.com/Viren57/jenkins-casc.git
Cloning into 'jenkins-casc'...
+ sudo chown ec2-user /home/ec2-user/jenkins-casc
+ sudo chgrp ec2-user /home/ec2-user/jenkins-casc
+ echo '===> JCASC repo has been cloned'
===> JCASC repo has been cloned
+ sudo tee docker-compose.yaml
+ cat
+ echo '===> File docker-compose.yaml has been created'
===> File docker-compose.yaml has been created
+ sudo docker compose down
+ sudo docker compose build --no-cache
#0 building with "default" instance using docker driver

#1 [jenkins internal] load build definition from Dockerfile
#1 transferring dockerfile: 272B done
#1 DONE 0.0s

#2 [jenkins internal] load metadata for docker.io/jenkins/jenkins:lts
#2 DONE 1.0s

#3 [jenkins internal] load .dockerignore
#3 transferring context: 2B done
#3 DONE 0.0s

#4 [jenkins internal] load build context
#4 transferring context: 263B done
#4 DONE 0.0s

#5 [jenkins 1/3] FROM docker.io/jenkins/jenkins:lts@sha256:f4607803bd1ee4dc91b1695b07d3a04c77b4f575a507ff65375af888e1497662
#5 resolve docker.io/jenkins/jenkins:lts@sha256:f4607803bd1ee4dc91b1695b07d3a04c77b4f575a507ff65375af888e1497662 0.0s done
#5 sha256:81ff732e74ce05d2892bd49e87677937ce9a5ccdc93e77c1450fecae01cad233 2.58kB / 2.58kB done
#5 sha256:f4607803bd1ee4dc91b1695b07d3a04c77b4f575a507ff65375af888e1497662 3.12kB / 3.12kB done
#5 sha256:0c01110621e0ec1eded421406c9f117f7ae5486c8f7b0a0d1a37cc7bc9317226 0B / 48.49MB 0.1s
#5 sha256:4185f63a4bf19c8c357a1820b7dde5a3efd3b78da73ad833b488763439af0e21 0B / 4.98MB 0.1s
#5 sha256:29bae57d20f2ab30ef635b64625c6fcfe23b5fe334e1902cfbd4748cf019642b 12.79kB / 12.79kB done
#5 sha256:2315362e44437bc6d267ff6f54098da6f8c4aad3f95870587ecf847f3fad1d50 0B / 61.62MB 0.1s
#5 sha256:0c01110621e0ec1eded421406c9f117f7ae5486c8f7b0a0d1a37cc7bc9317226 7.34MB / 48.49MB 0.4s
#5 sha256:4185f63a4bf19c8c357a1820b7dde5a3efd3b78da73ad833b488763439af0e21 3.15MB / 4.98MB 0.4s
#5 sha256:2315362e44437bc6d267ff6f54098da6f8c4aad3f95870587ecf847f3fad1d50 12.58MB / 61.62MB 0.4s
#5 sha256:0c01110621e0ec1eded421406c9f117f7ae5486c8f7b0a0d1a37cc7bc9317226 11.53MB / 48.49MB 0.5s
#5 sha256:4185f63a4bf19c8c357a1820b7dde5a3efd3b78da73ad833b488763439af0e21 4.98MB / 4.98MB 0.4s done
#5 sha256:2315362e44437bc6d267ff6f54098da6f8c4aad3f95870587ecf847f3fad1d50 17.83MB / 61.62MB 0.5s
#5 sha256:51c9d25ed578b062e1cfa2b3785d56c504a73fa5fc36777a7d305596f1bc7ac8 0B / 1.23kB 0.5s
#5 sha256:0c01110621e0ec1eded421406c9f117f7ae5486c8f7b0a0d1a37cc7bc9317226 15.73MB / 48.49MB 0.6s
#5 sha256:2315362e44437bc6d267ff6f54098da6f8c4aad3f95870587ecf847f3fad1d50 24.12MB / 61.62MB 0.6s
#5 sha256:51c9d25ed578b062e1cfa2b3785d56c504a73fa5fc36777a7d305596f1bc7ac8 1.23kB / 1.23kB 0.6s done
#5 sha256:10709260192c4c5b4c5fb88d4ba72232c2a697e78a83de85651268583c78cc82 0B / 181B 0.6s
#5 sha256:2315362e44437bc6d267ff6f54098da6f8c4aad3f95870587ecf847f3fad1d50 31.46MB / 61.62MB 0.7s
#5 sha256:0c01110621e0ec1eded421406c9f117f7ae5486c8f7b0a0d1a37cc7bc9317226 19.92MB / 48.49MB 0.8s
#5 sha256:2315362e44437bc6d267ff6f54098da6f8c4aad3f95870587ecf847f3fad1d50 37.75MB / 61.62MB 0.8s
#5 sha256:10709260192c4c5b4c5fb88d4ba72232c2a697e78a83de85651268583c78cc82 181B / 181B 0.7s done
#5 sha256:474c0ab7c65d75d457ea22c10cfb5677f28967ab7192190eac26f1bd88fd7876 0B / 94.19MB 0.8s
#5 sha256:0c01110621e0ec1eded421406c9f117f7ae5486c8f7b0a0d1a37cc7bc9317226 25.17MB / 48.49MB 1.0s
#5 sha256:2315362e44437bc6d267ff6f54098da6f8c4aad3f95870587ecf847f3fad1d50 48.23MB / 61.62MB 1.0s
#5 sha256:474c0ab7c65d75d457ea22c10cfb5677f28967ab7192190eac26f1bd88fd7876 8.39MB / 94.19MB 1.0s
#5 sha256:0c01110621e0ec1eded421406c9f117f7ae5486c8f7b0a0d1a37cc7bc9317226 30.41MB / 48.49MB 1.2s
#5 sha256:2315362e44437bc6d267ff6f54098da6f8c4aad3f95870587ecf847f3fad1d50 60.82MB / 61.62MB 1.2s
#5 sha256:474c0ab7c65d75d457ea22c10cfb5677f28967ab7192190eac26f1bd88fd7876 18.87MB / 94.19MB 1.2s
#5 sha256:0c01110621e0ec1eded421406c9f117f7ae5486c8f7b0a0d1a37cc7bc9317226 38.80MB / 48.49MB 1.4s
#5 sha256:2315362e44437bc6d267ff6f54098da6f8c4aad3f95870587ecf847f3fad1d50 61.62MB / 61.62MB 1.3s done
#5 sha256:474c0ab7c65d75d457ea22c10cfb5677f28967ab7192190eac26f1bd88fd7876 29.36MB / 94.19MB 1.4s
#5 sha256:62d5bb1867742dfcb9eacfe243dfd75c6e4614210d7d28d25d2a24a0f7e51d80 0B / 188B 1.4s
#5 sha256:0c01110621e0ec1eded421406c9f117f7ae5486c8f7b0a0d1a37cc7bc9317226 44.04MB / 48.49MB 1.5s
#5 sha256:474c0ab7c65d75d457ea22c10cfb5677f28967ab7192190eac26f1bd88fd7876 35.65MB / 94.19MB 1.5s
#5 sha256:62d5bb1867742dfcb9eacfe243dfd75c6e4614210d7d28d25d2a24a0f7e51d80 188B / 188B 1.4s done
#5 sha256:f1c4b8ee4b6f3ad0ad7939f93d6fa56e7d241d6134d76871707fc375eae5ae7f 0B / 6.29MB 1.5s
#5 sha256:0c01110621e0ec1eded421406c9f117f7ae5486c8f7b0a0d1a37cc7bc9317226 48.49MB / 48.49MB 1.7s
#5 sha256:474c0ab7c65d75d457ea22c10cfb5677f28967ab7192190eac26f1bd88fd7876 52.43MB / 94.19MB 1.7s
#5 sha256:f1c4b8ee4b6f3ad0ad7939f93d6fa56e7d241d6134d76871707fc375eae5ae7f 5.37MB / 6.29MB 1.7s
#5 sha256:474c0ab7c65d75d457ea22c10cfb5677f28967ab7192190eac26f1bd88fd7876 63.96MB / 94.19MB 1.9s
#5 sha256:f1c4b8ee4b6f3ad0ad7939f93d6fa56e7d241d6134d76871707fc375eae5ae7f 6.29MB / 6.29MB 1.9s
#5 sha256:0c01110621e0ec1eded421406c9f117f7ae5486c8f7b0a0d1a37cc7bc9317226 48.49MB / 48.49MB 1.9s done
#5 sha256:474c0ab7c65d75d457ea22c10cfb5677f28967ab7192190eac26f1bd88fd7876 73.40MB / 94.19MB 2.2s
#5 sha256:f1c4b8ee4b6f3ad0ad7939f93d6fa56e7d241d6134d76871707fc375eae5ae7f 6.29MB / 6.29MB 2.0s done
#5 extracting sha256:0c01110621e0ec1eded421406c9f117f7ae5486c8f7b0a0d1a37cc7bc9317226
#5 sha256:1c8d8eef6986088b37e23fa49a4cdfedf646244306c24c5fdfe3df911321f81b 1.92kB / 1.92kB 2.2s done
#5 sha256:719a01689f925ff93326c83d7cc7adf2aa69300900829958cb1ba75aa31c6c49 0B / 71.97MB 2.2s
#5 sha256:e05a8359c72dffd2cdea8a3584da195f36e85ffaebb50b3590afa89f832ad8bf 0B / 1.29kB 2.2s
#5 sha256:e05a8359c72dffd2cdea8a3584da195f36e85ffaebb50b3590afa89f832ad8bf 1.29kB / 1.29kB 2.3s done
#5 sha256:981fa0afce25752f4ca2269e53425dc4e701d9bb3ef583ebcc102d2cb795856d 0B / 390B 2.3s
#5 sha256:474c0ab7c65d75d457ea22c10cfb5677f28967ab7192190eac26f1bd88fd7876 82.84MB / 94.19MB 2.4s
#5 sha256:981fa0afce25752f4ca2269e53425dc4e701d9bb3ef583ebcc102d2cb795856d 390B / 390B 2.5s
#5 sha256:474c0ab7c65d75d457ea22c10cfb5677f28967ab7192190eac26f1bd88fd7876 90.18MB / 94.19MB 2.6s
#5 sha256:719a01689f925ff93326c83d7cc7adf2aa69300900829958cb1ba75aa31c6c49 6.29MB / 71.97MB 2.6s
#5 sha256:981fa0afce25752f4ca2269e53425dc4e701d9bb3ef583ebcc102d2cb795856d 390B / 390B 2.5s done
#5 sha256:719a01689f925ff93326c83d7cc7adf2aa69300900829958cb1ba75aa31c6c49 11.53MB / 71.97MB 2.8s
#5 sha256:719a01689f925ff93326c83d7cc7adf2aa69300900829958cb1ba75aa31c6c49 20.97MB / 71.97MB 3.1s
#5 sha256:719a01689f925ff93326c83d7cc7adf2aa69300900829958cb1ba75aa31c6c49 30.41MB / 71.97MB 3.4s
#5 sha256:719a01689f925ff93326c83d7cc7adf2aa69300900829958cb1ba75aa31c6c49 34.60MB / 71.97MB 3.5s
#5 sha256:719a01689f925ff93326c83d7cc7adf2aa69300900829958cb1ba75aa31c6c49 38.80MB / 71.97MB 3.6s
#5 sha256:719a01689f925ff93326c83d7cc7adf2aa69300900829958cb1ba75aa31c6c49 48.23MB / 71.97MB 3.8s
#5 sha256:719a01689f925ff93326c83d7cc7adf2aa69300900829958cb1ba75aa31c6c49 56.62MB / 71.97MB 4.0s
#5 sha256:719a01689f925ff93326c83d7cc7adf2aa69300900829958cb1ba75aa31c6c49 60.82MB / 71.97MB 4.1s
#5 sha256:719a01689f925ff93326c83d7cc7adf2aa69300900829958cb1ba75aa31c6c49 71.30MB / 71.97MB 4.3s
#5 sha256:474c0ab7c65d75d457ea22c10cfb5677f28967ab7192190eac26f1bd88fd7876 94.19MB / 94.19MB 4.8s done
#5 extracting sha256:0c01110621e0ec1eded421406c9f117f7ae5486c8f7b0a0d1a37cc7bc9317226 3.3s done
#5 sha256:719a01689f925ff93326c83d7cc7adf2aa69300900829958cb1ba75aa31c6c49 71.97MB / 71.97MB 6.2s done
#5 extracting sha256:2315362e44437bc6d267ff6f54098da6f8c4aad3f95870587ecf847f3fad1d50 0.1s
#5 extracting sha256:2315362e44437bc6d267ff6f54098da6f8c4aad3f95870587ecf847f3fad1d50 2.8s done
#5 extracting sha256:4185f63a4bf19c8c357a1820b7dde5a3efd3b78da73ad833b488763439af0e21
#5 extracting sha256:4185f63a4bf19c8c357a1820b7dde5a3efd3b78da73ad833b488763439af0e21 0.1s done
#5 extracting sha256:51c9d25ed578b062e1cfa2b3785d56c504a73fa5fc36777a7d305596f1bc7ac8 done
#5 extracting sha256:10709260192c4c5b4c5fb88d4ba72232c2a697e78a83de85651268583c78cc82
#5 extracting sha256:10709260192c4c5b4c5fb88d4ba72232c2a697e78a83de85651268583c78cc82 done
#5 extracting sha256:474c0ab7c65d75d457ea22c10cfb5677f28967ab7192190eac26f1bd88fd7876 0.1s
#5 extracting sha256:474c0ab7c65d75d457ea22c10cfb5677f28967ab7192190eac26f1bd88fd7876 0.8s done
#5 extracting sha256:62d5bb1867742dfcb9eacfe243dfd75c6e4614210d7d28d25d2a24a0f7e51d80 done
#5 extracting sha256:f1c4b8ee4b6f3ad0ad7939f93d6fa56e7d241d6134d76871707fc375eae5ae7f 0.1s
#5 extracting sha256:f1c4b8ee4b6f3ad0ad7939f93d6fa56e7d241d6134d76871707fc375eae5ae7f 0.1s done
#5 extracting sha256:719a01689f925ff93326c83d7cc7adf2aa69300900829958cb1ba75aa31c6c49
#5 extracting sha256:719a01689f925ff93326c83d7cc7adf2aa69300900829958cb1ba75aa31c6c49 1.0s done
#5 extracting sha256:1c8d8eef6986088b37e23fa49a4cdfedf646244306c24c5fdfe3df911321f81b
#5 extracting sha256:1c8d8eef6986088b37e23fa49a4cdfedf646244306c24c5fdfe3df911321f81b done
#5 extracting sha256:e05a8359c72dffd2cdea8a3584da195f36e85ffaebb50b3590afa89f832ad8bf done
#5 extracting sha256:981fa0afce25752f4ca2269e53425dc4e701d9bb3ef583ebcc102d2cb795856d done
#5 DONE 11.9s

#6 [jenkins 2/3] COPY plugins.txt /usr/share/jenkins/plugins.txt
#6 DONE 4.5s

#7 [jenkins 3/3] RUN jenkins-plugin-cli -f /usr/share/jenkins/plugins.txt
#7 14.39 Done
#7 DONE 15.6s

#8 [jenkins] exporting to image
#8 exporting layers
#8 exporting layers 0.7s done
#8 writing image sha256:726a1d4ce2aa32c8c4fe6da55f944bbb113a1838e212a5431619984c87b09586 done
#8 naming to docker.io/library/jenkins done
#8 DONE 0.7s
time="2025-06-27T12:45:16Z" level=warning msg="current commit information was not captured by the build" error="failed to read current commit information with git rev-parse --is-inside-work-tree"
+ sudo docker compose up -d
 Network ec2-user_default  Creating
 Network ec2-user_default  Created
 Container jenkins-server  Creating
 Container jenkins-server  Created
 Container jenkins-server  Starting
 Container jenkins-server  Started
+ echo '===> Docker image has been created & Jenkins container has been launched'
===> Docker image has been created & Jenkins container has been launched